d:\development\force-based-simulations\force-based-siumations\force-ba.dbf24ef3\x64\debug\vc143.pdb
d:\development\force-based-simulations\force-based-siumations\force-ba.dbf24ef3\x64\debug\vc143.idb
d:\development\force-based-simulations\force-based-siumations\force-ba.dbf24ef3\x64\debug\force-based-siumations.obj
d:\development\force-based-simulations\force-based-siumations\force-ba.dbf24ef3\x64\debug\force-based-siumations.res
d:\development\force-based-simulations\force-based-siumations\x64\debug\force-based-siumations.pdb
d:\development\force-based-simulations\force-based-siumations\force-ba.dbf24ef3\x64\debug\force-ba.dbf24ef3.tlog\cl.command.1.tlog
d:\development\force-based-simulations\force-based-siumations\force-ba.dbf24ef3\x64\debug\force-ba.dbf24ef3.tlog\cl.read.1.tlog
d:\development\force-based-simulations\force-based-siumations\force-ba.dbf24ef3\x64\debug\force-ba.dbf24ef3.tlog\cl.write.1.tlog
d:\development\force-based-simulations\force-based-siumations\force-ba.dbf24ef3\x64\debug\force-ba.dbf24ef3.tlog\link-cvtres.read.1.tlog
d:\development\force-based-simulations\force-based-siumations\force-ba.dbf24ef3\x64\debug\force-ba.dbf24ef3.tlog\link-cvtres.write.1.tlog
d:\development\force-based-simulations\force-based-siumations\force-ba.dbf24ef3\x64\debug\force-ba.dbf24ef3.tlog\link-rc.read.1.tlog
d:\development\force-based-simulations\force-based-siumations\force-ba.dbf24ef3\x64\debug\force-ba.dbf24ef3.tlog\link-rc.write.1.tlog
d:\development\force-based-simulations\force-based-siumations\force-ba.dbf24ef3\x64\debug\force-ba.dbf24ef3.tlog\link.command.1.tlog
d:\development\force-based-simulations\force-based-siumations\force-ba.dbf24ef3\x64\debug\force-ba.dbf24ef3.tlog\link.read.1.tlog
d:\development\force-based-simulations\force-based-siumations\force-ba.dbf24ef3\x64\debug\force-ba.dbf24ef3.tlog\link.read.2.tlog
d:\development\force-based-simulations\force-based-siumations\force-ba.dbf24ef3\x64\debug\force-ba.dbf24ef3.tlog\link.read.3.tlog
d:\development\force-based-simulations\force-based-siumations\force-ba.dbf24ef3\x64\debug\force-ba.dbf24ef3.tlog\link.write.1.tlog
d:\development\force-based-simulations\force-based-siumations\force-ba.dbf24ef3\x64\debug\force-ba.dbf24ef3.tlog\rc.command.1.tlog
d:\development\force-based-simulations\force-based-siumations\force-ba.dbf24ef3\x64\debug\force-ba.dbf24ef3.tlog\rc.read.1.tlog
d:\development\force-based-simulations\force-based-siumations\force-ba.dbf24ef3\x64\debug\force-ba.dbf24ef3.tlog\rc.write.1.tlog
